CRITICAL - 2024-04-05 09:06:19 --> CodeIgniter\Exceptions\FrameworkException: The framework needs the following extension(s) installed and loaded: intl.
in SYSTEMPATH\CodeIgniter.php on line 252.
 1 SYSTEMPATH\CodeIgniter.php(252): CodeIgniter\Exceptions\FrameworkException::forMissingExtension('intl')
 2 SYSTEMPATH\CodeIgniter.php(214): CodeIgniter\CodeIgniter->resolvePlatformExtensions()
 3 ROOTPATH\spark(88): CodeIgniter\CodeIgniter->initialize()
CRITICAL - 2024-04-05 09:06:19 --> ErrorException: Uncaught Error: Class "Locale" not found in C:\xampp\htdocs\ci-assessment-techactive\system\I18n\TimeTrait.php:74
Stack trace:
#0 C:\xampp\htdocs\ci-assessment-techactive\system\I18n\TimeTrait.php(115): CodeIgniter\I18n\Time->__construct(NULL, NULL, NULL)
#1 C:\xampp\htdocs\ci-assessment-techactive\system\HTTP\ResponseTrait.php(468): CodeIgniter\I18n\Time::now()
#2 C:\xampp\htdocs\ci-assessment-techactive\system\HTTP\ResponseTrait.php(446): CodeIgniter\HTTP\Response->sendHeaders()
#3 C:\xampp\htdocs\ci-assessment-techactive\system\Debug\ExceptionHandler.php(81): CodeIgniter\HTTP\Response->send()
#4 C:\xampp\htdocs\ci-assessment-techactive\system\Debug\Exceptions.php(157): CodeIgniter\Debug\ExceptionHandler->handle(Object(CodeIgniter\Exceptions\FrameworkException), Object(CodeIgniter\HTTP\IncomingRequest), Object(CodeIgniter\HTTP\Response), 500, 1)
#5 [internal function]: CodeIgniter\Debug\Exceptions->exceptionHandler(Object(CodeIgniter\Exceptions\FrameworkException))
#6 {main}
  thrown
【Previous Exception】
CodeIgniter\Exceptions\FrameworkException
The framework needs the following extension(s) installed and loaded: intl.
#0 C:\xampp\htdocs\ci-assessment-techactive\system\CodeIgniter.php(252): CodeIgniter\Exceptions\FrameworkException::forMissingExtension('intl')
#1 C:\xampp\htdocs\ci-assessment-techactive\system\CodeIgniter.php(214): CodeIgniter\CodeIgniter->resolvePlatformExtensions()
#2 C:\xampp\htdocs\ci-assessment-techactive\spark(88): CodeIgniter\CodeIgniter->initialize()
#3 {main}
in SYSTEMPATH\I18n\TimeTrait.php on line 74.
 1 [internal function]: CodeIgniter\Debug\Exceptions->shutdownHandler()
CRITICAL - 2024-04-05 08:11:29 --> Error: Class "App\Models\StudentModel" not found
in APPPATH\Controllers\StudentController.php on line 44.
 1 SYSTEMPATH\CodeIgniter.php(943): App\Controllers\StudentController->importCsvToDb()
 2 SYSTEMPATH\CodeIgniter.php(503): CodeIgniter\CodeIgniter->runController(Object(App\Controllers\StudentController))
 3 SYSTEMPATH\CodeIgniter.php(361): CodeIgniter\CodeIgniter->handleRequest(null, Object(Config\Cache), false)
 4 FCPATH\index.php(79): CodeIgniter\CodeIgniter->run()
 5 SYSTEMPATH\Commands\Server\rewrite.php(47): require_once('C:\\xampp\\htdocs\\ci-assessment-techactive\\public\\index.php')
ERROR - 2024-04-05 08:14:58 --> mysqli_sql_exception: Table 'tech_active.students' doesn't exist in C:\xampp\htdocs\ci-assessment-techactive\system\Database\MySQLi\Connection.php:306
Stack trace:
#0 C:\xampp\htdocs\ci-assessment-techactive\system\Database\MySQLi\Connection.php(306): mysqli->query('SELECT COUNT(*)...', 0)
#1 C:\xampp\htdocs\ci-assessment-techactive\system\Database\BaseConnection.php(693): CodeIgniter\Database\MySQLi\Connection->execute('SELECT COUNT(*)...')
#2 C:\xampp\htdocs\ci-assessment-techactive\system\Database\BaseConnection.php(607): CodeIgniter\Database\BaseConnection->simpleQuery('SELECT COUNT(*)...')
#3 C:\xampp\htdocs\ci-assessment-techactive\system\Database\BaseBuilder.php(1700): CodeIgniter\Database\BaseConnection->query('SELECT COUNT(*)...', Array, false)
#4 C:\xampp\htdocs\ci-assessment-techactive\system\Model.php(625): CodeIgniter\Database\BaseBuilder->countAllResults(true)
#5 C:\xampp\htdocs\ci-assessment-techactive\app\Controllers\StudentController.php(45): CodeIgniter\Model->countAllResults()
#6 C:\xampp\htdocs\ci-assessment-techactive\system\CodeIgniter.php(943): App\Controllers\StudentController->importCsvToDb()
#7 C:\xampp\htdocs\ci-assessment-techactive\system\CodeIgniter.php(503): CodeIgniter\CodeIgniter->runController(Object(App\Controllers\StudentController))
#8 C:\xampp\htdocs\ci-assessment-techactive\system\CodeIgniter.php(361): CodeIgniter\CodeIgniter->handleRequest(NULL, Object(Config\Cache), false)
#9 C:\xampp\htdocs\ci-assessment-techactive\public\index.php(79): CodeIgniter\CodeIgniter->run()
#10 C:\xampp\htdocs\ci-assessment-techactive\system\Commands\Server\rewrite.php(47): require_once('C:\\xampp\\htdocs...')
#11 {main}
CRITICAL - 2024-04-05 08:14:58 --> CodeIgniter\Database\Exceptions\DatabaseException: Table 'tech_active.students' doesn't exist
in SYSTEMPATH\Database\BaseConnection.php on line 647.
 1 SYSTEMPATH\Database\BaseBuilder.php(1700): CodeIgniter\Database\BaseConnection->query('SELECT COUNT(*) AS `numrows`
FROM `students`
WHERE `email` = :email:', [...], false)
 2 SYSTEMPATH\Model.php(625): CodeIgniter\Database\BaseBuilder->countAllResults(true)
 3 APPPATH\Controllers\StudentController.php(45): CodeIgniter\Model->countAllResults()
 4 SYSTEMPATH\CodeIgniter.php(943): App\Controllers\StudentController->importCsvToDb()
 5 SYSTEMPATH\CodeIgniter.php(503): CodeIgniter\CodeIgniter->runController(Object(App\Controllers\StudentController))
 6 SYSTEMPATH\CodeIgniter.php(361): CodeIgniter\CodeIgniter->handleRequest(null, Object(Config\Cache), false)
 7 FCPATH\index.php(79): CodeIgniter\CodeIgniter->run()
 8 SYSTEMPATH\Commands\Server\rewrite.php(47): require_once('C:\\xampp\\htdocs\\ci-assessment-techactive\\public\\index.php')
CRITICAL - 2024-04-05 08:14:58 --> [Caused by] CodeIgniter\Database\Exceptions\DatabaseException: Table 'tech_active.students' doesn't exist
in SYSTEMPATH\Database\MySQLi\Connection.php on line 311.
 1 SYSTEMPATH\Database\BaseConnection.php(693): CodeIgniter\Database\MySQLi\Connection->execute('SELECT COUNT(*) AS `numrows`
FROM `students`
WHERE `email` = \'sid\'')
 2 SYSTEMPATH\Database\BaseConnection.php(607): CodeIgniter\Database\BaseConnection->simpleQuery('SELECT COUNT(*) AS `numrows`
FROM `students`
WHERE `email` = \'sid\'')
 3 SYSTEMPATH\Database\BaseBuilder.php(1700): CodeIgniter\Database\BaseConnection->query('SELECT COUNT(*) AS `numrows`
FROM `students`
WHERE `email` = :email:', [...], false)
 4 SYSTEMPATH\Model.php(625): CodeIgniter\Database\BaseBuilder->countAllResults(true)
 5 APPPATH\Controllers\StudentController.php(45): CodeIgniter\Model->countAllResults()
 6 SYSTEMPATH\CodeIgniter.php(943): App\Controllers\StudentController->importCsvToDb()
 7 SYSTEMPATH\CodeIgniter.php(503): CodeIgniter\CodeIgniter->runController(Object(App\Controllers\StudentController))
 8 SYSTEMPATH\CodeIgniter.php(361): CodeIgniter\CodeIgniter->handleRequest(null, Object(Config\Cache), false)
 9 FCPATH\index.php(79): CodeIgniter\CodeIgniter->run()
10 SYSTEMPATH\Commands\Server\rewrite.php(47): require_once('C:\\xampp\\htdocs\\ci-assessment-techactive\\public\\index.php')
CRITICAL - 2024-04-05 08:14:58 --> [Caused by] mysqli_sql_exception: Table 'tech_active.students' doesn't exist
in SYSTEMPATH\Database\MySQLi\Connection.php on line 306.
 1 SYSTEMPATH\Database\MySQLi\Connection.php(306): mysqli->query('SELECT COUNT(*) AS `numrows`
FROM `students`
WHERE `email` = \'sid\'', 0)
 2 SYSTEMPATH\Database\BaseConnection.php(693): CodeIgniter\Database\MySQLi\Connection->execute('SELECT COUNT(*) AS `numrows`
FROM `students`
WHERE `email` = \'sid\'')
 3 SYSTEMPATH\Database\BaseConnection.php(607): CodeIgniter\Database\BaseConnection->simpleQuery('SELECT COUNT(*) AS `numrows`
FROM `students`
WHERE `email` = \'sid\'')
 4 SYSTEMPATH\Database\BaseBuilder.php(1700): CodeIgniter\Database\BaseConnection->query('SELECT COUNT(*) AS `numrows`
FROM `students`
WHERE `email` = :email:', [...], false)
 5 SYSTEMPATH\Model.php(625): CodeIgniter\Database\BaseBuilder->countAllResults(true)
 6 APPPATH\Controllers\StudentController.php(45): CodeIgniter\Model->countAllResults()
 7 SYSTEMPATH\CodeIgniter.php(943): App\Controllers\StudentController->importCsvToDb()
 8 SYSTEMPATH\CodeIgniter.php(503): CodeIgniter\CodeIgniter->runController(Object(App\Controllers\StudentController))
 9 SYSTEMPATH\CodeIgniter.php(361): CodeIgniter\CodeIgniter->handleRequest(null, Object(Config\Cache), false)
10 FCPATH\index.php(79): CodeIgniter\CodeIgniter->run()
11 SYSTEMPATH\Commands\Server\rewrite.php(47): require_once('C:\\xampp\\htdocs\\ci-assessment-techactive\\public\\index.php')
ERROR - 2024-04-05 08:15:08 --> mysqli_sql_exception: Table 'tech_active.students' doesn't exist in C:\xampp\htdocs\ci-assessment-techactive\system\Database\MySQLi\Connection.php:306
Stack trace:
#0 C:\xampp\htdocs\ci-assessment-techactive\system\Database\MySQLi\Connection.php(306): mysqli->query('SELECT COUNT(*)...', 0)
#1 C:\xampp\htdocs\ci-assessment-techactive\system\Database\BaseConnection.php(693): CodeIgniter\Database\MySQLi\Connection->execute('SELECT COUNT(*)...')
#2 C:\xampp\htdocs\ci-assessment-techactive\system\Database\BaseConnection.php(607): CodeIgniter\Database\BaseConnection->simpleQuery('SELECT COUNT(*)...')
#3 C:\xampp\htdocs\ci-assessment-techactive\system\Database\BaseBuilder.php(1700): CodeIgniter\Database\BaseConnection->query('SELECT COUNT(*)...', Array, false)
#4 C:\xampp\htdocs\ci-assessment-techactive\system\Model.php(625): CodeIgniter\Database\BaseBuilder->countAllResults(true)
#5 C:\xampp\htdocs\ci-assessment-techactive\app\Controllers\StudentController.php(45): CodeIgniter\Model->countAllResults()
#6 C:\xampp\htdocs\ci-assessment-techactive\system\CodeIgniter.php(943): App\Controllers\StudentController->importCsvToDb()
#7 C:\xampp\htdocs\ci-assessment-techactive\system\CodeIgniter.php(503): CodeIgniter\CodeIgniter->runController(Object(App\Controllers\StudentController))
#8 C:\xampp\htdocs\ci-assessment-techactive\system\CodeIgniter.php(361): CodeIgniter\CodeIgniter->handleRequest(NULL, Object(Config\Cache), false)
#9 C:\xampp\htdocs\ci-assessment-techactive\public\index.php(79): CodeIgniter\CodeIgniter->run()
#10 C:\xampp\htdocs\ci-assessment-techactive\system\Commands\Server\rewrite.php(47): require_once('C:\\xampp\\htdocs...')
#11 {main}
CRITICAL - 2024-04-05 08:15:08 --> CodeIgniter\Database\Exceptions\DatabaseException: Table 'tech_active.students' doesn't exist
in SYSTEMPATH\Database\BaseConnection.php on line 647.
 1 SYSTEMPATH\Database\BaseBuilder.php(1700): CodeIgniter\Database\BaseConnection->query('SELECT COUNT(*) AS `numrows`
FROM `students`
WHERE `email` = :email:', [...], false)
 2 SYSTEMPATH\Model.php(625): CodeIgniter\Database\BaseBuilder->countAllResults(true)
 3 APPPATH\Controllers\StudentController.php(45): CodeIgniter\Model->countAllResults()
 4 SYSTEMPATH\CodeIgniter.php(943): App\Controllers\StudentController->importCsvToDb()
 5 SYSTEMPATH\CodeIgniter.php(503): CodeIgniter\CodeIgniter->runController(Object(App\Controllers\StudentController))
 6 SYSTEMPATH\CodeIgniter.php(361): CodeIgniter\CodeIgniter->handleRequest(null, Object(Config\Cache), false)
 7 FCPATH\index.php(79): CodeIgniter\CodeIgniter->run()
 8 SYSTEMPATH\Commands\Server\rewrite.php(47): require_once('C:\\xampp\\htdocs\\ci-assessment-techactive\\public\\index.php')
CRITICAL - 2024-04-05 08:15:08 --> [Caused by] CodeIgniter\Database\Exceptions\DatabaseException: Table 'tech_active.students' doesn't exist
in SYSTEMPATH\Database\MySQLi\Connection.php on line 311.
 1 SYSTEMPATH\Database\BaseConnection.php(693): CodeIgniter\Database\MySQLi\Connection->execute('SELECT COUNT(*) AS `numrows`
FROM `students`
WHERE `email` = \'sid\'')
 2 SYSTEMPATH\Database\BaseConnection.php(607): CodeIgniter\Database\BaseConnection->simpleQuery('SELECT COUNT(*) AS `numrows`
FROM `students`
WHERE `email` = \'sid\'')
 3 SYSTEMPATH\Database\BaseBuilder.php(1700): CodeIgniter\Database\BaseConnection->query('SELECT COUNT(*) AS `numrows`
FROM `students`
WHERE `email` = :email:', [...], false)
 4 SYSTEMPATH\Model.php(625): CodeIgniter\Database\BaseBuilder->countAllResults(true)
 5 APPPATH\Controllers\StudentController.php(45): CodeIgniter\Model->countAllResults()
 6 SYSTEMPATH\CodeIgniter.php(943): App\Controllers\StudentController->importCsvToDb()
 7 SYSTEMPATH\CodeIgniter.php(503): CodeIgniter\CodeIgniter->runController(Object(App\Controllers\StudentController))
 8 SYSTEMPATH\CodeIgniter.php(361): CodeIgniter\CodeIgniter->handleRequest(null, Object(Config\Cache), false)
 9 FCPATH\index.php(79): CodeIgniter\CodeIgniter->run()
10 SYSTEMPATH\Commands\Server\rewrite.php(47): require_once('C:\\xampp\\htdocs\\ci-assessment-techactive\\public\\index.php')
CRITICAL - 2024-04-05 08:15:08 --> [Caused by] mysqli_sql_exception: Table 'tech_active.students' doesn't exist
in SYSTEMPATH\Database\MySQLi\Connection.php on line 306.
 1 SYSTEMPATH\Database\MySQLi\Connection.php(306): mysqli->query('SELECT COUNT(*) AS `numrows`
FROM `students`
WHERE `email` = \'sid\'', 0)
 2 SYSTEMPATH\Database\BaseConnection.php(693): CodeIgniter\Database\MySQLi\Connection->execute('SELECT COUNT(*) AS `numrows`
FROM `students`
WHERE `email` = \'sid\'')
 3 SYSTEMPATH\Database\BaseConnection.php(607): CodeIgniter\Database\BaseConnection->simpleQuery('SELECT COUNT(*) AS `numrows`
FROM `students`
WHERE `email` = \'sid\'')
 4 SYSTEMPATH\Database\BaseBuilder.php(1700): CodeIgniter\Database\BaseConnection->query('SELECT COUNT(*) AS `numrows`
FROM `students`
WHERE `email` = :email:', [...], false)
 5 SYSTEMPATH\Model.php(625): CodeIgniter\Database\BaseBuilder->countAllResults(true)
 6 APPPATH\Controllers\StudentController.php(45): CodeIgniter\Model->countAllResults()
 7 SYSTEMPATH\CodeIgniter.php(943): App\Controllers\StudentController->importCsvToDb()
 8 SYSTEMPATH\CodeIgniter.php(503): CodeIgniter\CodeIgniter->runController(Object(App\Controllers\StudentController))
 9 SYSTEMPATH\CodeIgniter.php(361): CodeIgniter\CodeIgniter->handleRequest(null, Object(Config\Cache), false)
10 FCPATH\index.php(79): CodeIgniter\CodeIgniter->run()
11 SYSTEMPATH\Commands\Server\rewrite.php(47): require_once('C:\\xampp\\htdocs\\ci-assessment-techactive\\public\\index.php')
ERROR - 2024-04-05 08:16:54 --> mysqli_sql_exception: Table 'tech_active.students' doesn't exist in C:\xampp\htdocs\ci-assessment-techactive\system\Database\MySQLi\Connection.php:306
Stack trace:
#0 C:\xampp\htdocs\ci-assessment-techactive\system\Database\MySQLi\Connection.php(306): mysqli->query('SELECT COUNT(*)...', 0)
#1 C:\xampp\htdocs\ci-assessment-techactive\system\Database\BaseConnection.php(693): CodeIgniter\Database\MySQLi\Connection->execute('SELECT COUNT(*)...')
#2 C:\xampp\htdocs\ci-assessment-techactive\system\Database\BaseConnection.php(607): CodeIgniter\Database\BaseConnection->simpleQuery('SELECT COUNT(*)...')
#3 C:\xampp\htdocs\ci-assessment-techactive\system\Database\BaseBuilder.php(1700): CodeIgniter\Database\BaseConnection->query('SELECT COUNT(*)...', Array, false)
#4 C:\xampp\htdocs\ci-assessment-techactive\system\Model.php(625): CodeIgniter\Database\BaseBuilder->countAllResults(true)
#5 C:\xampp\htdocs\ci-assessment-techactive\app\Controllers\StudentController.php(45): CodeIgniter\Model->countAllResults()
#6 C:\xampp\htdocs\ci-assessment-techactive\system\CodeIgniter.php(943): App\Controllers\StudentController->importCsvToDb()
#7 C:\xampp\htdocs\ci-assessment-techactive\system\CodeIgniter.php(503): CodeIgniter\CodeIgniter->runController(Object(App\Controllers\StudentController))
#8 C:\xampp\htdocs\ci-assessment-techactive\system\CodeIgniter.php(361): CodeIgniter\CodeIgniter->handleRequest(NULL, Object(Config\Cache), false)
#9 C:\xampp\htdocs\ci-assessment-techactive\public\index.php(79): CodeIgniter\CodeIgniter->run()
#10 C:\xampp\htdocs\ci-assessment-techactive\system\Commands\Server\rewrite.php(47): require_once('C:\\xampp\\htdocs...')
#11 {main}
CRITICAL - 2024-04-05 08:16:54 --> CodeIgniter\Database\Exceptions\DatabaseException: Table 'tech_active.students' doesn't exist
in SYSTEMPATH\Database\BaseConnection.php on line 647.
 1 SYSTEMPATH\Database\BaseBuilder.php(1700): CodeIgniter\Database\BaseConnection->query('SELECT COUNT(*) AS `numrows`
FROM `students`
WHERE `email` = :email:', [...], false)
 2 SYSTEMPATH\Model.php(625): CodeIgniter\Database\BaseBuilder->countAllResults(true)
 3 APPPATH\Controllers\StudentController.php(45): CodeIgniter\Model->countAllResults()
 4 SYSTEMPATH\CodeIgniter.php(943): App\Controllers\StudentController->importCsvToDb()
 5 SYSTEMPATH\CodeIgniter.php(503): CodeIgniter\CodeIgniter->runController(Object(App\Controllers\StudentController))
 6 SYSTEMPATH\CodeIgniter.php(361): CodeIgniter\CodeIgniter->handleRequest(null, Object(Config\Cache), false)
 7 FCPATH\index.php(79): CodeIgniter\CodeIgniter->run()
 8 SYSTEMPATH\Commands\Server\rewrite.php(47): require_once('C:\\xampp\\htdocs\\ci-assessment-techactive\\public\\index.php')
CRITICAL - 2024-04-05 08:16:54 --> [Caused by] CodeIgniter\Database\Exceptions\DatabaseException: Table 'tech_active.students' doesn't exist
in SYSTEMPATH\Database\MySQLi\Connection.php on line 311.
 1 SYSTEMPATH\Database\BaseConnection.php(693): CodeIgniter\Database\MySQLi\Connection->execute('SELECT COUNT(*) AS `numrows`
FROM `students`
WHERE `email` = \'sid\'')
 2 SYSTEMPATH\Database\BaseConnection.php(607): CodeIgniter\Database\BaseConnection->simpleQuery('SELECT COUNT(*) AS `numrows`
FROM `students`
WHERE `email` = \'sid\'')
 3 SYSTEMPATH\Database\BaseBuilder.php(1700): CodeIgniter\Database\BaseConnection->query('SELECT COUNT(*) AS `numrows`
FROM `students`
WHERE `email` = :email:', [...], false)
 4 SYSTEMPATH\Model.php(625): CodeIgniter\Database\BaseBuilder->countAllResults(true)
 5 APPPATH\Controllers\StudentController.php(45): CodeIgniter\Model->countAllResults()
 6 SYSTEMPATH\CodeIgniter.php(943): App\Controllers\StudentController->importCsvToDb()
 7 SYSTEMPATH\CodeIgniter.php(503): CodeIgniter\CodeIgniter->runController(Object(App\Controllers\StudentController))
 8 SYSTEMPATH\CodeIgniter.php(361): CodeIgniter\CodeIgniter->handleRequest(null, Object(Config\Cache), false)
 9 FCPATH\index.php(79): CodeIgniter\CodeIgniter->run()
10 SYSTEMPATH\Commands\Server\rewrite.php(47): require_once('C:\\xampp\\htdocs\\ci-assessment-techactive\\public\\index.php')
CRITICAL - 2024-04-05 08:16:54 --> [Caused by] mysqli_sql_exception: Table 'tech_active.students' doesn't exist
in SYSTEMPATH\Database\MySQLi\Connection.php on line 306.
 1 SYSTEMPATH\Database\MySQLi\Connection.php(306): mysqli->query('SELECT COUNT(*) AS `numrows`
FROM `students`
WHERE `email` = \'sid\'', 0)
 2 SYSTEMPATH\Database\BaseConnection.php(693): CodeIgniter\Database\MySQLi\Connection->execute('SELECT COUNT(*) AS `numrows`
FROM `students`
WHERE `email` = \'sid\'')
 3 SYSTEMPATH\Database\BaseConnection.php(607): CodeIgniter\Database\BaseConnection->simpleQuery('SELECT COUNT(*) AS `numrows`
FROM `students`
WHERE `email` = \'sid\'')
 4 SYSTEMPATH\Database\BaseBuilder.php(1700): CodeIgniter\Database\BaseConnection->query('SELECT COUNT(*) AS `numrows`
FROM `students`
WHERE `email` = :email:', [...], false)
 5 SYSTEMPATH\Model.php(625): CodeIgniter\Database\BaseBuilder->countAllResults(true)
 6 APPPATH\Controllers\StudentController.php(45): CodeIgniter\Model->countAllResults()
 7 SYSTEMPATH\CodeIgniter.php(943): App\Controllers\StudentController->importCsvToDb()
 8 SYSTEMPATH\CodeIgniter.php(503): CodeIgniter\CodeIgniter->runController(Object(App\Controllers\StudentController))
 9 SYSTEMPATH\CodeIgniter.php(361): CodeIgniter\CodeIgniter->handleRequest(null, Object(Config\Cache), false)
10 FCPATH\index.php(79): CodeIgniter\CodeIgniter->run()
11 SYSTEMPATH\Commands\Server\rewrite.php(47): require_once('C:\\xampp\\htdocs\\ci-assessment-techactive\\public\\index.php')
CRITICAL - 2024-04-05 08:42:59 --> Error: Undefined constant "App\Controllers\console"
in APPPATH\Controllers\StudentController.php on line 33.
 1 SYSTEMPATH\CodeIgniter.php(943): App\Controllers\StudentController->importCsvToDb()
 2 SYSTEMPATH\CodeIgniter.php(503): CodeIgniter\CodeIgniter->runController(Object(App\Controllers\StudentController))
 3 SYSTEMPATH\CodeIgniter.php(361): CodeIgniter\CodeIgniter->handleRequest(null, Object(Config\Cache), false)
 4 FCPATH\index.php(79): CodeIgniter\CodeIgniter->run()
 5 SYSTEMPATH\Commands\Server\rewrite.php(47): require_once('C:\\xampp\\htdocs\\ci-assessment-techactive\\public\\index.php')
CRITICAL - 2024-04-05 08:43:20 --> Error: Undefined constant "App\Controllers\console"
in APPPATH\Controllers\StudentController.php on line 33.
 1 SYSTEMPATH\CodeIgniter.php(943): App\Controllers\StudentController->importCsvToDb()
 2 SYSTEMPATH\CodeIgniter.php(503): CodeIgniter\CodeIgniter->runController(Object(App\Controllers\StudentController))
 3 SYSTEMPATH\CodeIgniter.php(361): CodeIgniter\CodeIgniter->handleRequest(null, Object(Config\Cache), false)
 4 FCPATH\index.php(79): CodeIgniter\CodeIgniter->run()
 5 SYSTEMPATH\Commands\Server\rewrite.php(47): require_once('C:\\xampp\\htdocs\\ci-assessment-techactive\\public\\index.php')
CRITICAL - 2024-04-05 08:43:49 --> ErrorException: Array to string conversion
in APPPATH\Controllers\StudentController.php on line 33.
 1 APPPATH\Controllers\StudentController.php(33): CodeIgniter\Debug\Exceptions->errorHandler(2, 'Array to string conversion', 'C:\\xampp\\htdocs\\ci-assessment-techactive\\app\\Controllers\\StudentController.php', 33)
 2 SYSTEMPATH\CodeIgniter.php(943): App\Controllers\StudentController->importCsvToDb()
 3 SYSTEMPATH\CodeIgniter.php(503): CodeIgniter\CodeIgniter->runController(Object(App\Controllers\StudentController))
 4 SYSTEMPATH\CodeIgniter.php(361): CodeIgniter\CodeIgniter->handleRequest(null, Object(Config\Cache), false)
 5 FCPATH\index.php(79): CodeIgniter\CodeIgniter->run()
 6 SYSTEMPATH\Commands\Server\rewrite.php(47): require_once('C:\\xampp\\htdocs\\ci-assessment-techactive\\public\\index.php')
CRITICAL - 2024-04-05 08:49:03 --> ErrorException: Undefined variable $csv_file_path
in APPPATH\Controllers\StudentController.php on line 15.
 1 APPPATH\Controllers\StudentController.php(15): CodeIgniter\Debug\Exceptions->errorHandler(2, 'Undefined variable $csv_file_path', 'C:\\xampp\\htdocs\\ci-assessment-techactive\\app\\Controllers\\StudentController.php', 15)
 2 SYSTEMPATH\CodeIgniter.php(943): App\Controllers\StudentController->importCsvToDb()
 3 SYSTEMPATH\CodeIgniter.php(503): CodeIgniter\CodeIgniter->runController(Object(App\Controllers\StudentController))
 4 SYSTEMPATH\CodeIgniter.php(361): CodeIgniter\CodeIgniter->handleRequest(null, Object(Config\Cache), false)
 5 FCPATH\index.php(79): CodeIgniter\CodeIgniter->run()
 6 SYSTEMPATH\Commands\Server\rewrite.php(47): require_once('C:\\xampp\\htdocs\\ci-assessment-techactive\\public\\index.php')
CRITICAL - 2024-04-05 09:03:05 --> ErrorException: Undefined variable $students
in APPPATH\Controllers\StudentController.php on line 57.
 1 APPPATH\Controllers\StudentController.php(57): CodeIgniter\Debug\Exceptions->errorHandler(2, 'Undefined variable $students', 'C:\\xampp\\htdocs\\ci-assessment-techactive\\app\\Controllers\\StudentController.php', 57)
 2 SYSTEMPATH\CodeIgniter.php(943): App\Controllers\StudentController->importCsvToDb()
 3 SYSTEMPATH\CodeIgniter.php(503): CodeIgniter\CodeIgniter->runController(Object(App\Controllers\StudentController))
 4 SYSTEMPATH\CodeIgniter.php(361): CodeIgniter\CodeIgniter->handleRequest(null, Object(Config\Cache), false)
 5 FCPATH\index.php(79): CodeIgniter\CodeIgniter->run()
 6 SYSTEMPATH\Commands\Server\rewrite.php(47): require_once('C:\\xampp\\htdocs\\ci-assessment-techactive\\public\\index.php')
CRITICAL - 2024-04-05 09:13:14 --> ErrorException: Undefined array key 0
in APPPATH\Controllers\StudentController.php on line 43.
 1 APPPATH\Controllers\StudentController.php(43): CodeIgniter\Debug\Exceptions->errorHandler(2, 'Undefined array key 0', 'C:\\xampp\\htdocs\\ci-assessment-techactive\\app\\Controllers\\StudentController.php', 43)
 2 SYSTEMPATH\CodeIgniter.php(943): App\Controllers\StudentController->importCsvToDb()
 3 SYSTEMPATH\CodeIgniter.php(503): CodeIgniter\CodeIgniter->runController(Object(App\Controllers\StudentController))
 4 SYSTEMPATH\CodeIgniter.php(361): CodeIgniter\CodeIgniter->handleRequest(null, Object(Config\Cache), false)
 5 FCPATH\index.php(79): CodeIgniter\CodeIgniter->run()
 6 SYSTEMPATH\Commands\Server\rewrite.php(47): require_once('C:\\xampp\\htdocs\\ci-assessment-techactive\\public\\index.php')
CRITICAL - 2024-04-05 09:13:30 --> ErrorException: Undefined array key 0
in APPPATH\Controllers\StudentController.php on line 43.
 1 APPPATH\Controllers\StudentController.php(43): CodeIgniter\Debug\Exceptions->errorHandler(2, 'Undefined array key 0', 'C:\\xampp\\htdocs\\ci-assessment-techactive\\app\\Controllers\\StudentController.php', 43)
 2 SYSTEMPATH\CodeIgniter.php(943): App\Controllers\StudentController->importCsvToDb()
 3 SYSTEMPATH\CodeIgniter.php(503): CodeIgniter\CodeIgniter->runController(Object(App\Controllers\StudentController))
 4 SYSTEMPATH\CodeIgniter.php(361): CodeIgniter\CodeIgniter->handleRequest(null, Object(Config\Cache), false)
 5 FCPATH\index.php(79): CodeIgniter\CodeIgniter->run()
 6 SYSTEMPATH\Commands\Server\rewrite.php(47): require_once('C:\\xampp\\htdocs\\ci-assessment-techactive\\public\\index.php')
CRITICAL - 2024-04-05 09:36:30 --> ErrorException: Undefined array key 4
in APPPATH\Controllers\StudentController.php on line 37.
 1 APPPATH\Controllers\StudentController.php(37): CodeIgniter\Debug\Exceptions->errorHandler(2, 'Undefined array key 4', 'C:\\xampp\\htdocs\\ci-assessment-techactive\\app\\Controllers\\StudentController.php', 37)
 2 SYSTEMPATH\CodeIgniter.php(943): App\Controllers\StudentController->importCsvToDb()
 3 SYSTEMPATH\CodeIgniter.php(503): CodeIgniter\CodeIgniter->runController(Object(App\Controllers\StudentController))
 4 SYSTEMPATH\CodeIgniter.php(361): CodeIgniter\CodeIgniter->handleRequest(null, Object(Config\Cache), false)
 5 FCPATH\index.php(79): CodeIgniter\CodeIgniter->run()
 6 SYSTEMPATH\Commands\Server\rewrite.php(47): require_once('C:\\xampp\\htdocs\\ci-assessment-techactive\\public\\index.php')
CRITICAL - 2024-04-05 09:49:37 --> ErrorException: Undefined array key "id"
in APPPATH\Controllers\StudentController.php on line 59.
 1 APPPATH\Controllers\StudentController.php(59): CodeIgniter\Debug\Exceptions->errorHandler(2, 'Undefined array key "id"', 'C:\\xampp\\htdocs\\ci-assessment-techactive\\app\\Controllers\\StudentController.php', 59)
 2 SYSTEMPATH\CodeIgniter.php(943): App\Controllers\StudentController->importCsvToDb()
 3 SYSTEMPATH\CodeIgniter.php(503): CodeIgniter\CodeIgniter->runController(Object(App\Controllers\StudentController))
 4 SYSTEMPATH\CodeIgniter.php(361): CodeIgniter\CodeIgniter->handleRequest(null, Object(Config\Cache), false)
 5 FCPATH\index.php(79): CodeIgniter\CodeIgniter->run()
 6 SYSTEMPATH\Commands\Server\rewrite.php(47): require_once('C:\\xampp\\htdocs\\ci-assessment-techactive\\public\\index.php')
